Info 0    [11:27:18.104] Format host information updated
Info 1    [11:27:18.107] reload projects.
Info 2    [11:27:18.107] Structure before ensureProjectForOpenFiles:
Info 3    [11:27:18.108] Structure after ensureProjectForOpenFiles:
Info 4    [11:27:18.108] Host file extension mappings updated
Info 5    [11:27:18.228] Search path: c:/Users/operator/eclipse-workspace/UserFront/src/main/resources/templates
Info 6    [11:27:18.256] For info: c:/Users/operator/eclipse-workspace/UserFront/src/main/resources/templates/signup.html :: No config files found.
Info 7    [11:27:18.259] Loading global plugin @angular/language-service
Info 8    [11:27:18.260] Enabling plugin @angular/language-service from candidate paths: C:/Users/operator/.p2/pool/plugins/org.eclipse.wildwebdeveloper_0.5.2.201911072316/language-servers/node_modules/typescript/lib/tsserverlibrary.js/../../..,C:\Users\operator\.p2\pool\plugins\org.eclipse.wildwebdeveloper_0.5.2.201911072316\language-servers\node_modules\@angular\language-service
Info 9    [11:27:18.266] Loading @angular/language-service from C:/Users/operator/.p2/pool/plugins/org.eclipse.wildwebdeveloper_0.5.2.201911072316/language-servers/node_modules/typescript/lib/tsserverlibrary.js/../../.. (resolved to C:/Users/operator/.p2/pool/plugins/org.eclipse.wildwebdeveloper_0.5.2.201911072316/language-servers/node_modules/node_modules)
Info 10   [11:27:18.685] Plugin validation succeded
Info 11   [11:27:18.815] Starting updateGraphWorker: Project: /dev/null/inferredProject1*
Info 12   [11:27:19.991] Finishing updateGraphWorker: Project: /dev/null/inferredProject1* Version: 1 structureChanged: true Elapsed: 1176ms
Info 13   [11:27:19.991] Project '/dev/null/inferredProject1*' (Inferred) 
Info 14   [11:27:19.991] 	Files (6)

Info 15   [11:27:19.991] -----------------------------------------------
Info 16   [12:16:42.92] Search path: c:/Users/operator/eclipse-workspace/UserFront/src/main/resources/templates
Info 17   [12:16:42.92] For info: c:/Users/operator/eclipse-workspace/UserFront/src/main/resources/templates/signup.html :: No config files found.
Info 18   [12:16:42.92] Starting updateGraphWorker: Project: /dev/null/inferredProject1*
Info 19   [12:16:42.138] Finishing updateGraphWorker: Project: /dev/null/inferredProject1* Version: 2 structureChanged: false Elapsed: 46ms
Info 20   [12:16:42.138] Project '/dev/null/inferredProject1*' (Inferred) 
Info 21   [12:16:42.138] 	Files (6)

Info 22   [12:16:42.138] -----------------------------------------------
Info 23   [12:16:42.186] Search path: c:/Users/operator/eclipse-workspace/UserFront/src/main/resources/templates
Info 24   [12:16:42.186] For info: c:/Users/operator/eclipse-workspace/UserFront/src/main/resources/templates/signup.html :: No config files found.
Info 25   [12:16:42.186] Starting updateGraphWorker: Project: /dev/null/inferredProject1*
Info 26   [12:16:42.209] Finishing updateGraphWorker: Project: /dev/null/inferredProject1* Version: 3 structureChanged: false Elapsed: 23ms
Info 27   [12:16:42.209] Project '/dev/null/inferredProject1*' (Inferred) 
Info 28   [12:16:42.209] 	Files (6)

Info 29   [12:16:42.209] -----------------------------------------------
Info 30   [12:16:42.273] Search path: c:/Users/operator/eclipse-workspace/UserFront/src/main/resources/templates
Info 31   [12:16:42.273] For info: c:/Users/operator/eclipse-workspace/UserFront/src/main/resources/templates/signup.html :: No config files found.
Info 32   [12:16:42.273] Starting updateGraphWorker: Project: /dev/null/inferredProject1*
Info 33   [12:16:42.292] Finishing updateGraphWorker: Project: /dev/null/inferredProject1* Version: 4 structureChanged: false Elapsed: 19ms
Info 34   [12:16:42.292] Project '/dev/null/inferredProject1*' (Inferred) 
Info 35   [12:16:42.292] 	Files (6)

Info 36   [12:16:42.292] -----------------------------------------------
Info 37   [12:16:42.899] Search path: c:/Users/operator/eclipse-workspace/UserFront/src/main/resources/templates
Info 38   [12:16:42.899] For info: c:/Users/operator/eclipse-workspace/UserFront/src/main/resources/templates/signup.html :: No config files found.
Info 39   [12:16:42.899] Starting updateGraphWorker: Project: /dev/null/inferredProject1*
Info 40   [12:16:42.913] Finishing updateGraphWorker: Project: /dev/null/inferredProject1* Version: 5 structureChanged: false Elapsed: 14ms
Info 41   [12:16:42.913] Project '/dev/null/inferredProject1*' (Inferred) 
Info 42   [12:16:42.913] 	Files (6)

Info 43   [12:16:42.913] -----------------------------------------------
Info 44   [12:16:45.310] Search path: c:/Users/operator/eclipse-workspace/UserFront/src/main/resources/templates
Info 45   [12:16:45.311] For info: c:/Users/operator/eclipse-workspace/UserFront/src/main/resources/templates/signup.html :: No config files found.
Info 46   [12:16:45.311] Starting updateGraphWorker: Project: /dev/null/inferredProject1*
Info 47   [12:16:45.328] Finishing updateGraphWorker: Project: /dev/null/inferredProject1* Version: 6 structureChanged: false Elapsed: 17ms
Info 48   [12:16:45.328] Project '/dev/null/inferredProject1*' (Inferred) 
Info 49   [12:16:45.329] 	Files (6)

Info 50   [12:16:45.329] -----------------------------------------------
Info 51   [12:16:45.556] Search path: c:/Users/operator/eclipse-workspace/UserFront/src/main/resources/templates
Info 52   [12:16:45.556] For info: c:/Users/operator/eclipse-workspace/UserFront/src/main/resources/templates/signup.html :: No config files found.
Info 53   [12:16:45.556] Starting updateGraphWorker: Project: /dev/null/inferredProject1*
Info 54   [12:16:45.584] Finishing updateGraphWorker: Project: /dev/null/inferredProject1* Version: 7 structureChanged: false Elapsed: 28ms
Info 55   [12:16:45.584] Project '/dev/null/inferredProject1*' (Inferred) 
Info 56   [12:16:45.584] 	Files (6)

Info 57   [12:16:45.584] -----------------------------------------------
Info 58   [12:16:45.710] Search path: c:/Users/operator/eclipse-workspace/UserFront/src/main/resources/templates
Info 59   [12:16:45.712] For info: c:/Users/operator/eclipse-workspace/UserFront/src/main/resources/templates/signup.html :: No config files found.
Info 60   [12:16:45.712] Starting updateGraphWorker: Project: /dev/null/inferredProject1*
Info 61   [12:16:45.737] Finishing updateGraphWorker: Project: /dev/null/inferredProject1* Version: 8 structureChanged: false Elapsed: 25ms
Info 62   [12:16:45.737] Project '/dev/null/inferredProject1*' (Inferred) 
Info 63   [12:16:45.737] 	Files (6)

Info 64   [12:16:45.737] -----------------------------------------------
Info 65   [12:16:46.135] Search path: c:/Users/operator/eclipse-workspace/UserFront/src/main/resources/templates
Info 66   [12:16:46.136] For info: c:/Users/operator/eclipse-workspace/UserFront/src/main/resources/templates/signup.html :: No config files found.
Info 67   [12:16:46.136] Starting updateGraphWorker: Project: /dev/null/inferredProject1*
Info 68   [12:16:46.164] Finishing updateGraphWorker: Project: /dev/null/inferredProject1* Version: 9 structureChanged: false Elapsed: 28ms
Info 69   [12:16:46.164] Project '/dev/null/inferredProject1*' (Inferred) 
Info 70   [12:16:46.164] 	Files (6)

Info 71   [12:16:46.164] -----------------------------------------------
Info 72   [12:16:47.522] Search path: c:/Users/operator/eclipse-workspace/UserFront/src/main/resources/templates
Info 73   [12:16:47.523] For info: c:/Users/operator/eclipse-workspace/UserFront/src/main/resources/templates/signup.html :: No config files found.
Info 74   [12:16:47.523] Starting updateGraphWorker: Project: /dev/null/inferredProject1*
Info 75   [12:16:47.549] Finishing updateGraphWorker: Project: /dev/null/inferredProject1* Version: 10 structureChanged: false Elapsed: 26ms
Info 76   [12:16:47.549] Project '/dev/null/inferredProject1*' (Inferred) 
Info 77   [12:16:47.549] 	Files (6)

Info 78   [12:16:47.549] -----------------------------------------------
Info 79   [12:16:47.618] Search path: c:/Users/operator/eclipse-workspace/UserFront/src/main/resources/templates
Info 80   [12:16:47.619] For info: c:/Users/operator/eclipse-workspace/UserFront/src/main/resources/templates/signup.html :: No config files found.
Info 81   [12:16:47.619] Starting updateGraphWorker: Project: /dev/null/inferredProject1*
Info 82   [12:16:47.647] Finishing updateGraphWorker: Project: /dev/null/inferredProject1* Version: 11 structureChanged: false Elapsed: 28ms
Info 83   [12:16:47.647] Project '/dev/null/inferredProject1*' (Inferred) 
Info 84   [12:16:47.647] 	Files (6)

Info 85   [12:16:47.647] -----------------------------------------------
Info 86   [12:16:48.92] Search path: c:/Users/operator/eclipse-workspace/UserFront/src/main/resources/templates
Info 87   [12:16:48.92] For info: c:/Users/operator/eclipse-workspace/UserFront/src/main/resources/templates/signup.html :: No config files found.
Info 88   [12:16:48.92] Starting updateGraphWorker: Project: /dev/null/inferredProject1*
Info 89   [12:16:48.108] Finishing updateGraphWorker: Project: /dev/null/inferredProject1* Version: 12 structureChanged: false Elapsed: 16ms
Info 90   [12:16:48.108] Project '/dev/null/inferredProject1*' (Inferred) 
Info 91   [12:16:48.108] 	Files (6)

Info 92   [12:16:48.108] -----------------------------------------------
Info 93   [12:16:48.566] Search path: c:/Users/operator/eclipse-workspace/UserFront/src/main/resources/templates
Info 94   [12:16:48.567] For info: c:/Users/operator/eclipse-workspace/UserFront/src/main/resources/templates/signup.html :: No config files found.
Info 95   [12:16:48.567] Starting updateGraphWorker: Project: /dev/null/inferredProject1*
Info 96   [12:16:48.588] Finishing updateGraphWorker: Project: /dev/null/inferredProject1* Version: 13 structureChanged: false Elapsed: 21ms
Info 97   [12:16:48.588] Project '/dev/null/inferredProject1*' (Inferred) 
Info 98   [12:16:48.588] 	Files (6)

Info 99   [12:16:48.588] -----------------------------------------------
Info 100  [12:16:49.713] Search path: c:/Users/operator/eclipse-workspace/UserFront/src/main/resources/templates
Info 101  [12:16:49.713] For info: c:/Users/operator/eclipse-workspace/UserFront/src/main/resources/templates/signup.html :: No config files found.
Info 102  [12:16:49.714] Starting updateGraphWorker: Project: /dev/null/inferredProject1*
Info 103  [12:16:49.740] Finishing updateGraphWorker: Project: /dev/null/inferredProject1* Version: 14 structureChanged: false Elapsed: 26ms
Info 104  [12:16:49.741] Project '/dev/null/inferredProject1*' (Inferred) 
Info 105  [12:16:49.741] 	Files (6)

Info 106  [12:16:49.741] -----------------------------------------------
Info 107  [12:16:50.295] Search path: c:/Users/operator/eclipse-workspace/UserFront/src/main/resources/templates
Info 108  [12:16:50.295] For info: c:/Users/operator/eclipse-workspace/UserFront/src/main/resources/templates/signup.html :: No config files found.
Info 109  [12:16:50.295] Starting updateGraphWorker: Project: /dev/null/inferredProject1*
Info 110  [12:16:50.307] Finishing updateGraphWorker: Project: /dev/null/inferredProject1* Version: 15 structureChanged: false Elapsed: 12ms
Info 111  [12:16:50.307] Project '/dev/null/inferredProject1*' (Inferred) 
Info 112  [12:16:50.307] 	Files (6)

Info 113  [12:16:50.307] -----------------------------------------------
Info 114  [12:16:50.325] Search path: c:/Users/operator/eclipse-workspace/UserFront/src/main/resources/templates
Info 115  [12:16:50.326] For info: c:/Users/operator/eclipse-workspace/UserFront/src/main/resources/templates/signup.html :: No config files found.
Info 116  [12:16:50.326] Starting updateGraphWorker: Project: /dev/null/inferredProject1*
Info 117  [12:16:50.344] Finishing updateGraphWorker: Project: /dev/null/inferredProject1* Version: 16 structureChanged: false Elapsed: 18ms
Info 118  [12:16:50.344] Project '/dev/null/inferredProject1*' (Inferred) 
Info 119  [12:16:50.344] 	Files (6)

Info 120  [12:16:50.344] -----------------------------------------------
Info 121  [12:16:58.714] Search path: c:/Users/operator/eclipse-workspace/UserFront/src/main/resources/templates
Info 122  [12:16:58.715] For info: c:/Users/operator/eclipse-workspace/UserFront/src/main/resources/templates/signup.html :: No config files found.
Info 123  [12:16:58.715] Starting updateGraphWorker: Project: /dev/null/inferredProject1*
Info 124  [12:16:58.752] Finishing updateGraphWorker: Project: /dev/null/inferredProject1* Version: 17 structureChanged: false Elapsed: 37ms
Info 125  [12:16:58.752] Project '/dev/null/inferredProject1*' (Inferred) 
Info 126  [12:16:58.752] 	Files (6)

Info 127  [12:16:58.752] -----------------------------------------------
Info 128  [12:16:58.752] Search path: c:/Users/operator/eclipse-workspace/UserFront/src/main/resources/templates
Info 129  [12:16:58.752] For info: c:/Users/operator/eclipse-workspace/UserFront/src/main/resources/templates/signup.html :: No config files found.
Info 130  [12:16:58.752] Starting updateGraphWorker: Project: /dev/null/inferredProject1*
Info 131  [12:16:58.768] Finishing updateGraphWorker: Project: /dev/null/inferredProject1* Version: 18 structureChanged: false Elapsed: 16ms
Info 132  [12:16:58.768] Project '/dev/null/inferredProject1*' (Inferred) 
Info 133  [12:16:58.768] 	Files (6)

Info 134  [12:16:58.768] -----------------------------------------------
Info 135  [12:16:59.191] Search path: c:/Users/operator/eclipse-workspace/UserFront/src/main/resources/templates
Info 136  [12:16:59.191] For info: c:/Users/operator/eclipse-workspace/UserFront/src/main/resources/templates/signup.html :: No config files found.
Info 137  [12:16:59.191] Starting updateGraphWorker: Project: /dev/null/inferredProject1*
Info 138  [12:16:59.211] Finishing updateGraphWorker: Project: /dev/null/inferredProject1* Version: 19 structureChanged: false Elapsed: 20ms
Info 139  [12:16:59.211] Project '/dev/null/inferredProject1*' (Inferred) 
Info 140  [12:16:59.211] 	Files (6)

Info 141  [12:16:59.211] -----------------------------------------------
Info 142  [12:17:0.828] Search path: c:/Users/operator/eclipse-workspace/UserFront/src/main/resources/templates
Info 143  [12:17:0.829] For info: c:/Users/operator/eclipse-workspace/UserFront/src/main/resources/templates/signup.html :: No config files found.
Info 144  [12:17:0.829] Starting updateGraphWorker: Project: /dev/null/inferredProject1*
Info 145  [12:17:0.843] Finishing updateGraphWorker: Project: /dev/null/inferredProject1* Version: 20 structureChanged: false Elapsed: 14ms
Info 146  [12:17:0.843] Project '/dev/null/inferredProject1*' (Inferred) 
Info 147  [12:17:0.843] 	Files (6)

Info 148  [12:17:0.843] -----------------------------------------------
Info 149  [12:17:0.843] Search path: c:/Users/operator/eclipse-workspace/UserFront/src/main/resources/templates
Info 150  [12:17:0.843] For info: c:/Users/operator/eclipse-workspace/UserFront/src/main/resources/templates/signup.html :: No config files found.
Info 151  [12:17:0.843] Starting updateGraphWorker: Project: /dev/null/inferredProject1*
Info 152  [12:17:0.856] Finishing updateGraphWorker: Project: /dev/null/inferredProject1* Version: 21 structureChanged: false Elapsed: 13ms
Info 153  [12:17:0.856] Project '/dev/null/inferredProject1*' (Inferred) 
Info 154  [12:17:0.856] 	Files (6)

Info 155  [12:17:0.856] -----------------------------------------------
Info 156  [12:17:1.310] Search path: c:/Users/operator/eclipse-workspace/UserFront/src/main/resources/templates
Info 157  [12:17:1.310] For info: c:/Users/operator/eclipse-workspace/UserFront/src/main/resources/templates/signup.html :: No config files found.
Info 158  [12:17:1.310] Starting updateGraphWorker: Project: /dev/null/inferredProject1*
Info 159  [12:17:1.322] Finishing updateGraphWorker: Project: /dev/null/inferredProject1* Version: 22 structureChanged: false Elapsed: 12ms
Info 160  [12:17:1.322] Project '/dev/null/inferredProject1*' (Inferred) 
Info 161  [12:17:1.322] 	Files (6)

Info 162  [12:17:1.322] -----------------------------------------------
Info 163  [12:17:2.885] Search path: c:/Users/operator/eclipse-workspace/UserFront/src/main/resources/templates
Info 164  [12:17:2.885] For info: c:/Users/operator/eclipse-workspace/UserFront/src/main/resources/templates/signup.html :: No config files found.
Info 165  [12:17:2.885] Starting updateGraphWorker: Project: /dev/null/inferredProject1*
Info 166  [12:17:2.894] Finishing updateGraphWorker: Project: /dev/null/inferredProject1* Version: 23 structureChanged: false Elapsed: 9ms
Info 167  [12:17:2.894] Project '/dev/null/inferredProject1*' (Inferred) 
Info 168  [12:17:2.894] 	Files (6)

Info 169  [12:17:2.894] -----------------------------------------------
Info 170  [12:17:4.734] Search path: c:/Users/operator/eclipse-workspace/UserFront/src/main/resources/templates
Info 171  [12:17:4.734] For info: c:/Users/operator/eclipse-workspace/UserFront/src/main/resources/templates/signup.html :: No config files found.
Info 172  [12:17:4.734] Starting updateGraphWorker: Project: /dev/null/inferredProject1*
Info 173  [12:17:4.749] Finishing updateGraphWorker: Project: /dev/null/inferredProject1* Version: 24 structureChanged: false Elapsed: 15ms
Info 174  [12:17:4.749] Project '/dev/null/inferredProject1*' (Inferred) 
Info 175  [12:17:4.749] 	Files (6)

Info 176  [12:17:4.749] -----------------------------------------------
Info 177  [12:17:4.788] Search path: c:/Users/operator/eclipse-workspace/UserFront/src/main/resources/templates
Info 178  [12:17:4.789] For info: c:/Users/operator/eclipse-workspace/UserFront/src/main/resources/templates/signup.html :: No config files found.
Info 179  [12:17:4.789] Starting updateGraphWorker: Project: /dev/null/inferredProject1*
Info 180  [12:17:4.799] Finishing updateGraphWorker: Project: /dev/null/inferredProject1* Version: 25 structureChanged: false Elapsed: 10ms
Info 181  [12:17:4.799] Project '/dev/null/inferredProject1*' (Inferred) 
Info 182  [12:17:4.799] 	Files (6)

Info 183  [12:17:4.799] -----------------------------------------------
Info 184  [12:17:4.894] Search path: c:/Users/operator/eclipse-workspace/UserFront/src/main/resources/templates
Info 185  [12:17:4.894] For info: c:/Users/operator/eclipse-workspace/UserFront/src/main/resources/templates/signup.html :: No config files found.
Info 186  [12:17:4.894] Starting updateGraphWorker: Project: /dev/null/inferredProject1*
Info 187  [12:17:4.927] Finishing updateGraphWorker: Project: /dev/null/inferredProject1* Version: 26 structureChanged: false Elapsed: 33ms
Info 188  [12:17:4.927] Project '/dev/null/inferredProject1*' (Inferred) 
Info 189  [12:17:4.927] 	Files (6)

Info 190  [12:17:4.927] -----------------------------------------------
Info 191  [12:17:5.124] Search path: c:/Users/operator/eclipse-workspace/UserFront/src/main/resources/templates
Info 192  [12:17:5.124] For info: c:/Users/operator/eclipse-workspace/UserFront/src/main/resources/templates/signup.html :: No config files found.
Info 193  [12:17:5.124] Starting updateGraphWorker: Project: /dev/null/inferredProject1*
Info 194  [12:17:5.131] Finishing updateGraphWorker: Project: /dev/null/inferredProject1* Version: 27 structureChanged: false Elapsed: 7ms
Info 195  [12:17:5.131] Project '/dev/null/inferredProject1*' (Inferred) 
Info 196  [12:17:5.131] 	Files (6)

Info 197  [12:17:5.131] -----------------------------------------------
Info 198  [12:17:7.292] Search path: c:/Users/operator/eclipse-workspace/UserFront/src/main/resources/templates
Info 199  [12:17:7.292] For info: c:/Users/operator/eclipse-workspace/UserFront/src/main/resources/templates/signup.html :: No config files found.
