Info 0    [12:12:27.750] Format host information updated
Info 1    [12:12:27.885] reload projects.
Info 2    [12:12:27.885] Structure before ensureProjectForOpenFiles:
Info 3    [12:12:27.886] Structure after ensureProjectForOpenFiles:
Info 4    [12:12:27.886] Host file extension mappings updated
Info 5    [12:12:28.912] Search path: c:/Users/operator/eclipse-workspace/UserFront/src/main/resources/templates/common
Info 6    [12:12:28.925] For info: c:/Users/operator/eclipse-workspace/UserFront/src/main/resources/templates/common/header.html :: No config files found.
Info 7    [12:12:28.928] Loading global plugin @angular/language-service
Info 8    [12:12:28.928] Enabling plugin @angular/language-service from candidate paths: C:/Users/operator/.p2/pool/plugins/org.eclipse.wildwebdeveloper_0.5.2.201911072316/language-servers/node_modules/typescript/lib/tsserverlibrary.js/../../..,C:\Users\operator\.p2\pool\plugins\org.eclipse.wildwebdeveloper_0.5.2.201911072316\language-servers\node_modules\@angular\language-service
Info 9    [12:12:28.928] Loading @angular/language-service from C:/Users/operator/.p2/pool/plugins/org.eclipse.wildwebdeveloper_0.5.2.201911072316/language-servers/node_modules/typescript/lib/tsserverlibrary.js/../../.. (resolved to C:/Users/operator/.p2/pool/plugins/org.eclipse.wildwebdeveloper_0.5.2.201911072316/language-servers/node_modules/node_modules)
Info 10   [12:12:29.416] Plugin validation succeded
Info 11   [12:12:29.472] Starting updateGraphWorker: Project: /dev/null/inferredProject1*
Info 12   [12:12:30.747] Finishing updateGraphWorker: Project: /dev/null/inferredProject1* Version: 1 structureChanged: true Elapsed: 1275ms
Info 13   [12:12:30.748] Project '/dev/null/inferredProject1*' (Inferred) 
Info 14   [12:12:30.748] 	Files (6)

Info 15   [12:12:30.748] -----------------------------------------------
Info 16   [12:23:21.371] Search path: c:/Users/operator/eclipse-workspace/UserFront/src/main/resources/templates
Info 17   [12:23:21.371] For info: c:/Users/operator/eclipse-workspace/UserFront/src/main/resources/templates/index.html :: No config files found.
Info 18   [12:23:21.372] Starting updateGraphWorker: Project: /dev/null/inferredProject1*
Info 19   [12:23:21.387] Finishing updateGraphWorker: Project: /dev/null/inferredProject1* Version: 2 structureChanged: true Elapsed: 15ms
Info 20   [12:23:21.387] Project '/dev/null/inferredProject1*' (Inferred) 
Info 21   [12:23:21.387] 	Files (7)

Info 22   [12:23:21.387] -----------------------------------------------
Info 23   [12:23:25.112] Search path: c:/Users/operator/eclipse-workspace/UserFront/src/main/resources/templates/common
Info 24   [12:23:25.114] For info: c:/Users/operator/eclipse-workspace/UserFront/src/main/resources/templates/common/header.html :: No config files found.
Info 25   [12:23:25.141] Search path: c:/Users/operator/eclipse-workspace/UserFront/src/main/resources/templates/common
Info 26   [12:23:25.142] For info: c:/Users/operator/eclipse-workspace/UserFront/src/main/resources/templates/common/header.html :: No config files found.
Info 27   [12:23:57.507] Search path: c:/Users/operator/eclipse-workspace/UserFront/src/main/resources/templates/common
Info 28   [12:23:57.507] For info: c:/Users/operator/eclipse-workspace/UserFront/src/main/resources/templates/common/header.html :: No config files found.
Info 29   [12:23:58.229] Search path: c:/Users/operator/eclipse-workspace/UserFront/src/main/resources/templates/common
Info 30   [12:23:58.230] For info: c:/Users/operator/eclipse-workspace/UserFront/src/main/resources/templates/common/header.html :: No config files found.
Info 31   [12:23:58.251] Search path: c:/Users/operator/eclipse-workspace/UserFront/src/main/resources/templates/common
Info 32   [12:23:58.252] For info: c:/Users/operator/eclipse-workspace/UserFront/src/main/resources/templates/common/header.html :: No config files found.
Info 33   [12:23:58.267] Search path: c:/Users/operator/eclipse-workspace/UserFront/src/main/resources/templates/common
Info 34   [12:23:58.267] For info: c:/Users/operator/eclipse-workspace/UserFront/src/main/resources/templates/common/header.html :: No config files found.
Info 35   [12:23:58.284] Search path: c:/Users/operator/eclipse-workspace/UserFront/src/main/resources/templates/common
Info 36   [12:23:58.284] For info: c:/Users/operator/eclipse-workspace/UserFront/src/main/resources/templates/common/header.html :: No config files found.
Info 37   [12:23:58.326] Search path: c:/Users/operator/eclipse-workspace/UserFront/src/main/resources/templates/common
Info 38   [12:23:58.327] For info: c:/Users/operator/eclipse-workspace/UserFront/src/main/resources/templates/common/header.html :: No config files found.
Info 39   [12:23:58.327] Starting updateGraphWorker: Project: /dev/null/inferredProject1*
Info 40   [12:23:58.344] Finishing updateGraphWorker: Project: /dev/null/inferredProject1* Version: 3 structureChanged: false Elapsed: 15ms
Info 41   [12:23:58.344] Project '/dev/null/inferredProject1*' (Inferred) 
Info 42   [12:23:58.344] 	Files (7)

Info 43   [12:23:58.344] -----------------------------------------------
Info 44   [12:24:11.932] FileWatcher:: Triggered with c:/Users/operator/eclipse-workspace/UserFront/src/main/resources/templates/common/header.html 2:: WatchInfo: c:/Users/operator/eclipse-workspace/UserFront/src/main/resources/templates/common/header.html 500 Project:  WatchType: Closed Script info
Info 45   [12:24:11.932] Elapsed:: 0ms FileWatcher:: Triggered with c:/Users/operator/eclipse-workspace/UserFront/src/main/resources/templates/common/header.html 2:: WatchInfo: c:/Users/operator/eclipse-workspace/UserFront/src/main/resources/templates/common/header.html 500 Project:  WatchType: Closed Script info
Info 46   [12:24:32.916] Search path: c:/Users/operator/eclipse-workspace/UserFront/src/main/resources/templates/common
Info 47   [12:24:32.916] For info: c:/Users/operator/eclipse-workspace/UserFront/src/main/resources/templates/common/header.html :: No config files found.
Info 48   [12:24:32.917] Starting updateGraphWorker: Project: /dev/null/inferredProject1*
Info 49   [12:24:32.932] Finishing updateGraphWorker: Project: /dev/null/inferredProject1* Version: 4 structureChanged: true Elapsed: 15ms
Info 50   [12:24:32.932] Project '/dev/null/inferredProject1*' (Inferred) 
Info 51   [12:24:32.932] 	Files (7)

Info 52   [12:24:32.932] -----------------------------------------------
Info 53   [12:24:34.720] Search path: c:/Users/operator/eclipse-workspace/UserFront/src/main/resources/templates/common
Info 54   [12:24:34.720] For info: c:/Users/operator/eclipse-workspace/UserFront/src/main/resources/templates/common/header.html :: No config files found.
Info 55   [12:24:34.720] Starting updateGraphWorker: Project: /dev/null/inferredProject1*
Info 56   [12:24:34.779] Finishing updateGraphWorker: Project: /dev/null/inferredProject1* Version: 5 structureChanged: false Elapsed: 59ms
Info 57   [12:24:34.779] Project '/dev/null/inferredProject1*' (Inferred) 
Info 58   [12:24:34.779] 	Files (7)

Info 59   [12:24:34.779] -----------------------------------------------
Info 60   [12:25:41.222] Search path: c:/Users/operator/eclipse-workspace/UserFront/src/main/resources/templates
Info 61   [12:25:41.222] For info: c:/Users/operator/eclipse-workspace/UserFront/src/main/resources/templates/index.html :: No config files found.
Info 62   [12:25:41.222] Starting updateGraphWorker: Project: /dev/null/inferredProject1*
Info 63   [12:25:41.243] Finishing updateGraphWorker: Project: /dev/null/inferredProject1* Version: 6 structureChanged: true Elapsed: 21ms
Info 64   [12:25:41.243] Project '/dev/null/inferredProject1*' (Inferred) 
Info 65   [12:25:41.243] 	Files (6)

Info 66   [12:25:41.243] -----------------------------------------------
Info 67   [12:25:45.733] Search path: c:/Users/operator/eclipse-workspace/UserFront/src/main/resources/templates
Info 68   [12:25:45.733] For info: c:/Users/operator/eclipse-workspace/UserFront/src/main/resources/templates/index.html :: No config files found.
Info 69   [12:25:45.764] Search path: c:/Users/operator/eclipse-workspace/UserFront/src/main/resources/templates
Info 70   [12:25:45.765] For info: c:/Users/operator/eclipse-workspace/UserFront/src/main/resources/templates/index.html :: No config files found.
Info 71   [16:51:48.308] Search path: c:/Users/operator/eclipse-workspace/UserFront/src/main/resources/templates
Info 72   [16:51:48.308] For info: c:/Users/operator/eclipse-workspace/UserFront/src/main/resources/templates/signup.html :: No config files found.
Info 73   [16:51:48.309] Starting updateGraphWorker: Project: /dev/null/inferredProject1*
Info 74   [16:51:48.326] Finishing updateGraphWorker: Project: /dev/null/inferredProject1* Version: 7 structureChanged: true Elapsed: 17ms
Info 75   [16:51:48.326] Project '/dev/null/inferredProject1*' (Inferred) 
Info 76   [16:51:48.326] 	Files (7)

Info 77   [16:51:48.326] -----------------------------------------------
Info 78   [16:52:14.937] Search path: c:/Users/operator/eclipse-workspace/UserFront/src/main/resources/templates
Info 79   [16:52:14.937] For info: c:/Users/operator/eclipse-workspace/UserFront/src/main/resources/templates/signup.html :: No config files found.
Info 80   [16:52:14.937] Starting updateGraphWorker: Project: /dev/null/inferredProject1*
Info 81   [16:52:15.27] Finishing updateGraphWorker: Project: /dev/null/inferredProject1* Version: 8 structureChanged: true Elapsed: 90ms
Info 82   [16:52:15.27] Project '/dev/null/inferredProject1*' (Inferred) 
Info 83   [16:52:15.27] 	Files (6)

Info 84   [16:52:15.27] -----------------------------------------------
Info 85   [16:55:45.892] Search path: c:/Users/operator/eclipse-workspace/UserFront/src/main/resources/templates
Info 86   [16:55:45.892] For info: c:/Users/operator/eclipse-workspace/UserFront/src/main/resources/templates/signup.html :: No config files found.
Info 87   [16:55:45.911] Search path: c:/Users/operator/eclipse-workspace/UserFront/src/main/resources/templates
Info 88   [16:55:45.911] For info: c:/Users/operator/eclipse-workspace/UserFront/src/main/resources/templates/signup.html :: No config files found.
Info 89   [16:55:45.920] Search path: c:/Users/operator/eclipse-workspace/UserFront/src/main/resources/templates
Info 90   [16:55:45.920] For info: c:/Users/operator/eclipse-workspace/UserFront/src/main/resources/templates/signup.html :: No config files found.
Info 91   [16:55:45.925] Search path: c:/Users/operator/eclipse-workspace/UserFront/src/main/resources/templates
Info 92   [16:55:45.925] For info: c:/Users/operator/eclipse-workspace/UserFront/src/main/resources/templates/signup.html :: No config files found.
Info 93   [16:55:45.931] Search path: c:/Users/operator/eclipse-workspace/UserFront/src/main/resources/templates
Info 94   [16:55:45.931] For info: c:/Users/operator/eclipse-workspace/UserFront/src/main/resources/templates/signup.html :: No config files found.
Info 95   [16:55:45.985] Search path: c:/Users/operator/eclipse-workspace/UserFront/src/main/resources/templates
Info 96   [16:55:45.986] For info: c:/Users/operator/eclipse-workspace/UserFront/src/main/resources/templates/signup.html :: No config files found.
Info 97   [16:55:45.986] Starting updateGraphWorker: Project: /dev/null/inferredProject1*
Info 98   [16:55:46.3] Finishing updateGraphWorker: Project: /dev/null/inferredProject1* Version: 9 structureChanged: false Elapsed: 17ms
Info 99   [16:55:46.3] Project '/dev/null/inferredProject1*' (Inferred) 
Info 100  [16:55:46.3] 	Files (6)

Info 101  [16:55:46.3] -----------------------------------------------
